-------------------------------------------------------------------------------
Test set: TestSuite
-------------------------------------------------------------------------------
Tests run: 2, Failures: 1, Errors: 0, Skipped: 0, Time elapsed: 20.244 s <<< FAILURE! - in TestSuite
testCases.TC_001_AccountRegistration.test_account_Registration  Time elapsed: 6.27 s  <<< FAILURE!
java.lang.AssertionError
	at testCases.TC_001_AccountRegistration.test_account_Registration(TC_001_AccountRegistration.java:78)

