<?xml version="1.0" encoding="UTF-8"?>
<testng-results skipped="0" failed="0" ignored="0" total="2" passed="2">
  <reporter-output>
  </reporter-output>
  <suite name="OpenCart Test Suite" duration-ms="24103" started-at="2021-03-27T01:14:51 GMT" finished-at="2021-03-27T01:15:15 GMT">
    <groups>
      <group name="regression">
        <method signature="TC_001_AccountRegistration.test_account_Registration()[pri:0, instance:testCases.TC_001_AccountRegistration@6043cd28]" name="test_account_Registration" class="testCases.TC_001_AccountRegistration"/>
      </group> <!-- regression -->
      <group name="sanity">
        <method signature="TC_002_Login.test_Login()[pri:0, instance:testCases.TC_002_Login@cb51256]" name="test_Login" class="testCases.TC_002_Login"/>
      </group> <!-- sanity -->
      <group name="master">
        <method signature="TC_001_AccountRegistration.test_account_Registration()[pri:0, instance:testCases.TC_001_AccountRegistration@6043cd28]" name="test_account_Registration" class="testCases.TC_001_AccountRegistration"/>
        <method signature="TC_002_Login.test_Login()[pri:0, instance:testCases.TC_002_Login@cb51256]" name="test_Login" class="testCases.TC_002_Login"/>
      </group> <!-- master -->
    </groups>
    <test name="OpencartTests" duration-ms="24103" started-at="2021-03-27T01:14:51 GMT" finished-at="2021-03-27T01:15:15 GMT">
      <class name="testCases.TC_002_Login">
        <test-method status="PASS" signature="setup(java.lang.String)[pri:0, instance:testCases.TC_002_Login@cb51256]" name="setup" is-config="true" duration-ms="1777" started-at="2021-03-27T01:15:06 GMT" finished-at="2021-03-27T01:15:08 GMT">
          <params>
            <param index="0">
              <value>
                <![CDATA[chrome]]>
              </value>
            </param>
          </params>
          <reporter-output>
          </reporter-output>
        </test-method> <!-- setup -->
        <test-method status="PASS" signature="test_Login()[pri:0, instance:testCases.TC_002_Login@cb51256]" name="test_Login" duration-ms="7696" started-at="2021-03-27T01:15:08 GMT" finished-at="2021-03-27T01:15:15 GMT">
          <reporter-output>
          </reporter-output>
        </test-method> <!-- test_Login -->
        <test-method status="PASS" signature="tearDown()[pri:0, instance:testCases.TC_002_Login@cb51256]" name="tearDown" is-config="true" duration-ms="141" started-at="2021-03-27T01:15:15 GMT" finished-at="2021-03-27T01:15:15 GMT">
          <reporter-output>
          </reporter-output>
        </test-method> <!-- tearDown -->
      </class> <!-- testCases.TC_002_Login -->
      <class name="testCases.TC_001_AccountRegistration">
        <test-method status="PASS" signature="setup(java.lang.String)[pri:0, instance:testCases.TC_001_AccountRegistration@6043cd28]" name="setup" is-config="true" duration-ms="6604" started-at="2021-03-27T01:14:52 GMT" finished-at="2021-03-27T01:14:58 GMT">
          <params>
            <param index="0">
              <value>
                <![CDATA[chrome]]>
              </value>
            </param>
          </params>
          <reporter-output>
          </reporter-output>
        </test-method> <!-- setup -->
        <test-method status="PASS" signature="test_account_Registration()[pri:0, instance:testCases.TC_001_AccountRegistration@6043cd28]" name="test_account_Registration" duration-ms="7168" started-at="2021-03-27T01:14:58 GMT" finished-at="2021-03-27T01:15:06 GMT">
          <reporter-output>
          </reporter-output>
        </test-method> <!-- test_account_Registration -->
        <test-method status="PASS" signature="tearDown()[pri:0, instance:testCases.TC_001_AccountRegistration@6043cd28]" name="tearDown" is-config="true" duration-ms="176" started-at="2021-03-27T01:15:06 GMT" finished-at="2021-03-27T01:15:06 GMT">
          <reporter-output>
          </reporter-output>
        </test-method> <!-- tearDown -->
      </class> <!-- testCases.TC_001_AccountRegistration -->
    </test> <!-- OpencartTests -->
  </suite> <!-- OpenCart Test Suite -->
</testng-results>
